{
  "stats": {
    "suites": 1,
    "tests": 2,
    "passes": 2,
    "pending": 0,
    "failures": 0,
    "start": "2025-11-17T02:03:52.133Z",
    "end": "2025-11-17T02:03:53.326Z",
    "duration": 1193,
    "testsRegistered": 2,
    "passPercent": 100,
    "pendingPercent": 0,
    "other": 0,
    "hasOther": false,
    "skipped": 0,
    "hasSkipped": false
  },
  "results": [
    {
      "uuid": "167911c5-6ae3-47b0-a551-742f2abed629",
      "title": "",
      "fullFile": "cypress/e2e/api/04_carts.cy.js",
      "file": "cypress/e2e/api/04_carts.cy.js",
      "beforeHooks": [],
      "afterHooks": [],
      "tests": [],
      "suites": [
        {
          "uuid": "aadba774-69a2-41bd-8c1f-f80217a60a90",
          "title": "Carts - API",
          "fullFile": "",
          "file": "",
          "beforeHooks": [],
          "afterHooks": [],
          "tests": [
            {
              "title": "Criar carrinho com produtos válidos deve retornar id do carrinho",
              "fullTitle": "Carts - API Criar carrinho com produtos válidos deve retornar id do carrinho",
              "timedOut": null,
              "duration": 953,
              "state": "passed",
              "speed": "fast",
              "pass": true,
              "fail": false,
              "pending": false,
              "context": null,
              "code": "const cartPayload = {\n  produtos: [{\n    idProduto: productId,\n    quantidade: 2\n  }]\n};\ncy.request({\n  method: \"POST\",\n  url: \"/carrinhos\",\n  headers: {\n    Authorization: adminToken\n  },\n  body: cartPayload,\n  failOnStatusCode: false\n}).then(resp => {\n  expect([200, 201]).to.include(resp.status);\n  cartId = resp.body.carrinho || resp.body._id || resp.body.id;\n  expect(cartId).to.exist;\n});",
              "err": {},
              "uuid": "7dd3e38a-9595-4db7-b381-349521b603ad",
              "parentUUID": "aadba774-69a2-41bd-8c1f-f80217a60a90",
              "isHook": false,
              "skipped": false
            },
            {
              "title": "Consultar carrinho criado deve retornar lista de produtos",
              "fullTitle": "Carts - API Consultar carrinho criado deve retornar lista de produtos",
              "timedOut": null,
              "duration": 192,
              "state": "passed",
              "speed": "fast",
              "pass": true,
              "fail": false,
              "pending": false,
              "context": null,
              "code": "cy.request({\n  method: \"GET\",\n  url: `/carrinhos/${cartId}`,\n  headers: {\n    Authorization: adminToken\n  },\n  failOnStatusCode: false\n}).then(resp => {\n  expect(resp.status).to.eq(200);\n  expect(resp.body).to.have.property(\"produtos\");\n  expect(resp.body.produtos.length).to.be.greaterThan(0);\n});",
              "err": {},
              "uuid": "0d0a9f47-5139-4a54-ba12-48281efbf2bd",
              "parentUUID": "aadba774-69a2-41bd-8c1f-f80217a60a90",
              "isHook": false,
              "skipped": false
            }
          ],
          "suites": [],
          "passes": [
            "7dd3e38a-9595-4db7-b381-349521b603ad",
            "0d0a9f47-5139-4a54-ba12-48281efbf2bd"
          ],
          "failures": [],
          "pending": [],
          "skipped": [],
          "duration": 1145,
          "root": false,
          "rootEmpty": false,
          "_timeout": 2000
        }
      ],
      "passes": [],
      "failures": [],
      "pending": [],
      "skipped": [],
      "duration": 0,
      "root": true,
      "rootEmpty": true,
      "_timeout": 2000
    }
  ],
  "meta": {
    "mocha": {
      "version": "7.2.0"
    },
    "mochawesome": {
      "options": {
        "quiet": false,
        "reportFilename": "mochawesome",
        "saveHtml": true,
        "saveJson": true,
        "consoleReporter": "spec",
        "useInlineDiffs": false,
        "code": true
      },
      "version": "7.1.4"
    },
    "marge": {
      "options": {
        "reportDir": "cypress/reports",
        "overwrite": false,
        "html": true,
        "json": true
      },
      "version": "6.3.2"
    }
  }
}